[0.011s] Invoking command in '/home/zekaicheong/asclinic-system/ros2_ws/build/ai4r_pkg': CMAKE_PREFIX_PATH=${CMAKE_PREFIX_PATH}:/opt/ros/humble /usr/bin/cmake --build /home/zekaicheong/asclinic-system/ros2_ws/build/ai4r_pkg -- -j16 -l16
[0.048s] -- Found ament_cmake: 1.3.5 (/opt/ros/humble/share/ament_cmake/cmake)
[0.145s] -- Found rclcpp: 16.0.5 (/opt/ros/humble/share/rclcpp/cmake)
[0.169s] -- Found rosidl_generator_c: 3.1.5 (/opt/ros/humble/share/rosidl_generator_c/cmake)
[0.171s] -- Found rosidl_adapter: 3.1.5 (/opt/ros/humble/share/rosidl_adapter/cmake)
[0.176s] -- Found rosidl_generator_cpp: 3.1.5 (/opt/ros/humble/share/rosidl_generator_cpp/cmake)
[0.188s] -- Using all available rosidl_typesupport_c: rosidl_typesupport_fastrtps_c;rosidl_typesupport_introspection_c
[0.200s] -- Using all available rosidl_typesupport_cpp: rosidl_typesupport_fastrtps_cpp;rosidl_typesupport_introspection_cpp
[0.239s] -- Found rmw_implementation_cmake: 6.1.1 (/opt/ros/humble/share/rmw_implementation_cmake/cmake)
[0.241s] -- Found rmw_fastrtps_cpp: 6.2.3 (/opt/ros/humble/share/rmw_fastrtps_cpp/cmake)
[0.310s] -- Using RMW implementation 'rmw_fastrtps_cpp' as default
[0.408s] -- Found rclpy: 3.3.9 (/opt/ros/humble/share/rclpy/cmake)
[0.409s] -- Found ai4r_interfaces: 0.0.0 (/home/zekaicheong/asclinic-system/ros2_ws/install/ai4r_interfaces/share/ai4r_interfaces/cmake)
[0.460s] -- Found ament_lint_auto: 0.12.7 (/opt/ros/humble/share/ament_lint_auto/cmake)
[0.504s] -- Added test 'cppcheck' to perform static code analysis on C / C++ code
[0.505s] -- Configured cppcheck include dirs: /home/zekaicheong/asclinic-system/ros2_ws/src/ai4r_pkg/include;/home/zekaicheong/asclinic-system/ros2_ws/src/ai4r_pkg/drivers/src
[0.505s] -- Configured cppcheck exclude dirs and/or files: 
[0.505s] -- Added test 'flake8' to check Python code syntax and style conventions
[0.506s] -- Added test 'lint_cmake' to check CMake code style
[0.506s] -- Added test 'pep257' to check Python code against some of the docstring style conventions in PEP 257
[0.508s] -- Added test 'uncrustify' to check C / C++ code style
[0.508s] -- Configured uncrustify additional arguments: 
[0.508s] -- Added test 'xmllint' to check XML markup files
[0.509s] -- Configuring done
[0.526s] -- Generating done
[0.528s] -- Build files have been written to: /home/zekaicheong/asclinic-system/ros2_ws/build/ai4r_pkg
[0.548s] [35m[1mConsolidate compiler generated dependencies of target minimal_cpp_executable[0m
[0.548s] [35m[1mConsolidate compiler generated dependencies of target oop_cpp_executable[0m
[0.548s] [35m[1mConsolidate compiler generated dependencies of target talker[0m
[0.548s] [35m[1mConsolidate compiler generated dependencies of target listener[0m
[0.550s] [35m[1mConsolidate compiler generated dependencies of target servo_pulse_width_sub[0m
[0.560s] [  8%] [32mBuilding CXX object CMakeFiles/multiple_pub_sub.dir/src/multiple_pub_sub_cpp_node.cpp.o[0m
[0.565s] [  8%] Built target ament_cmake_python_copy_ai4r_pkg
[0.568s] [ 25%] Built target listener
[0.568s] [ 41%] Built target talker
[0.568s] [ 58%] Built target servo_pulse_width_sub
[0.569s] [ 75%] Built target minimal_cpp_executable
[0.569s] [ 91%] Built target oop_cpp_executable
[0.729s] running egg_info
[0.729s] writing ai4r_pkg.egg-info/PKG-INFO
[0.730s] writing dependency_links to ai4r_pkg.egg-info/dependency_links.txt
[0.730s] writing top-level names to ai4r_pkg.egg-info/top_level.txt
[0.734s] reading manifest file 'ai4r_pkg.egg-info/SOURCES.txt'
[0.734s] writing manifest file 'ai4r_pkg.egg-info/SOURCES.txt'
[0.755s] [ 91%] Built target ament_cmake_python_build_ai4r_pkg_egg
[0.801s] [01m[K/home/zekaicheong/asclinic-system/ros2_ws/src/ai4r_pkg/src/multiple_pub_sub_cpp_node.cpp:6:10:[m[K [01;31m[Kfatal error: [m[Kstd_msgs/u_int16.hpp: No such file or directory
[0.801s]     6 | #include [01;31m[K"std_msgs/u_int16.hpp"[m[K
[0.801s]       |          [01;31m[K^~~~~~~~~~~~~~~~~~~~~~[m[K
[0.802s] compilation terminated.
[0.804s] gmake[2]: *** [CMakeFiles/multiple_pub_sub.dir/build.make:76: CMakeFiles/multiple_pub_sub.dir/src/multiple_pub_sub_cpp_node.cpp.o] Error 1
[0.804s] gmake[1]: *** [CMakeFiles/Makefile2:280: CMakeFiles/multiple_pub_sub.dir/all] Error 2
[0.804s] gmake: *** [Makefile:146: all] Error 2
[0.806s] Invoked command in '/home/zekaicheong/asclinic-system/ros2_ws/build/ai4r_pkg' returned '2': CMAKE_PREFIX_PATH=${CMAKE_PREFIX_PATH}:/opt/ros/humble /usr/bin/cmake --build /home/zekaicheong/asclinic-system/ros2_ws/build/ai4r_pkg -- -j16 -l16
