[0.006s] Invoking command in '/home/zekaicheong/asclinic-system/ros2_ws/build/ai4r_pkg': CMAKE_PREFIX_PATH=${CMAKE_PREFIX_PATH}:/opt/ros/humble /usr/bin/cmake --build /home/zekaicheong/asclinic-system/ros2_ws/build/ai4r_pkg -- -j16 -l16
[0.023s] -- Found ament_cmake: 1.3.5 (/opt/ros/humble/share/ament_cmake/cmake)
[0.108s] -- Found rclcpp: 16.0.5 (/opt/ros/humble/share/rclcpp/cmake)
[0.124s] -- Found rosidl_generator_c: 3.1.5 (/opt/ros/humble/share/rosidl_generator_c/cmake)
[0.125s] -- Found rosidl_adapter: 3.1.5 (/opt/ros/humble/share/rosidl_adapter/cmake)
[0.129s] -- Found rosidl_generator_cpp: 3.1.5 (/opt/ros/humble/share/rosidl_generator_cpp/cmake)
[0.134s] -- Using all available rosidl_typesupport_c: rosidl_typesupport_fastrtps_c;rosidl_typesupport_introspection_c
[0.143s] -- Using all available rosidl_typesupport_cpp: rosidl_typesupport_fastrtps_cpp;rosidl_typesupport_introspection_cpp
[0.174s] -- Found rmw_implementation_cmake: 6.1.1 (/opt/ros/humble/share/rmw_implementation_cmake/cmake)
[0.174s] -- Found rmw_fastrtps_cpp: 6.2.3 (/opt/ros/humble/share/rmw_fastrtps_cpp/cmake)
[0.237s] -- Using RMW implementation 'rmw_fastrtps_cpp' as default
[0.322s] -- Found rclpy: 3.3.9 (/opt/ros/humble/share/rclpy/cmake)
[0.358s] -- Found ament_lint_auto: 0.12.7 (/opt/ros/humble/share/ament_lint_auto/cmake)
[0.400s] -- Added test 'cppcheck' to perform static code analysis on C / C++ code
[0.400s] -- Configured cppcheck include dirs: /home/zekaicheong/asclinic-system/ros2_ws/src/ai4r_pkg/include;/home/zekaicheong/asclinic-system/ros2_ws/src/ai4r_pkg/drivers/src
[0.400s] -- Configured cppcheck exclude dirs and/or files: 
[0.400s] -- Added test 'flake8' to check Python code syntax and style conventions
[0.401s] -- Added test 'lint_cmake' to check CMake code style
[0.401s] -- Added test 'pep257' to check Python code against some of the docstring style conventions in PEP 257
[0.402s] -- Added test 'uncrustify' to check C / C++ code style
[0.402s] -- Configured uncrustify additional arguments: 
[0.402s] -- Added test 'xmllint' to check XML markup files
[0.402s] -- Configuring done
[0.408s] -- Generating done
[0.409s] -- Build files have been written to: /home/zekaicheong/asclinic-system/ros2_ws/build/ai4r_pkg
[0.423s] [35m[1mConsolidate compiler generated dependencies of target oop_cpp_executable[0m
[0.423s] [35m[1mConsolidate compiler generated dependencies of target minimal_cpp_executable[0m
[0.432s] [  0%] Built target ament_cmake_python_copy_ai4r_pkg
[0.433s] [ 50%] Built target minimal_cpp_executable
[0.433s] [ 75%] [32mBuilding CXX object CMakeFiles/oop_cpp_executable.dir/src/oop_cpp_node.cpp.o[0m
[0.544s] In file included from [01m[K/home/zekaicheong/asclinic-system/ros2_ws/src/ai4r_pkg/src/oop_cpp_node.cpp:7[m[K:
[0.545s] [01m[K/home/zekaicheong/asclinic-system/ros2_ws/src/ai4r_pkg/drivers/src/i2c_driver/i2c_driver.h:10:1:[m[K [01;35m[Kwarning: [m[Kmulti-line comment [[01;35m[K]8;;https://gcc.gnu.org/onlinedocs/gcc/Warning-Options.html#index-Wcomment-Wcomment]8;;[m[K]
[0.545s]    10 | [01;35m[K/[m[K/   / _ \ \___ \| |   | | |  _ \| |/ __|___\___ \| | | / __| __/ _ \  _   _ \
[0.545s]       | [01;35m[K^[m[K
[0.577s] running egg_info
[0.577s] writing ai4r_pkg.egg-info/PKG-INFO
[0.577s] writing dependency_links to ai4r_pkg.egg-info/dependency_links.txt
[0.577s] writing top-level names to ai4r_pkg.egg-info/top_level.txt
[0.579s] reading manifest file 'ai4r_pkg.egg-info/SOURCES.txt'
[0.579s] writing manifest file 'ai4r_pkg.egg-info/SOURCES.txt'
[0.602s] [ 75%] Built target ament_cmake_python_build_ai4r_pkg_egg
[1.659s] [01m[K/home/zekaicheong/asclinic-system/ros2_ws/src/ai4r_pkg/src/oop_cpp_node.cpp:23:5:[m[K [01;31m[Kerror: [m[KISO C++ forbids declaration of â€˜[01m[KTestParams[m[Kâ€™ with no type [[01;31m[K]8;;https://gcc.gnu.org/onlinedocs/gcc/Warning-Options.html#index-fpermissive-fpermissive]8;;[m[K]
[1.659s]    23 |     [01;31m[KTestParams[m[K() : Node("test_params_rclcpp") {
[1.660s]       |     [01;31m[K^~~~~~~~~~[m[K
[1.665s] [01m[K/home/zekaicheong/asclinic-system/ros2_ws/src/ai4r_pkg/src/oop_cpp_node.cpp:[m[K In member function â€˜[01m[Kint MyNode::TestParams()[m[Kâ€™:
[1.665s] [01m[K/home/zekaicheong/asclinic-system/ros2_ws/src/ai4r_pkg/src/oop_cpp_node.cpp:23:20:[m[K [01;31m[Kerror: [m[Konly constructors take member initializers
[1.665s]    23 |     TestParams() : [01;31m[KNode[m[K("test_params_rclcpp") {
[1.665s]       |                    [01;31m[K^~~~[m[K
[1.665s] [01m[K/home/zekaicheong/asclinic-system/ros2_ws/src/ai4r_pkg/src/oop_cpp_node.cpp:27:5:[m[K [01;35m[Kwarning: [m[Kno return statement in function returning non-void [[01;35m[K]8;;https://gcc.gnu.org/onlinedocs/gcc/Warning-Options.html#index-Wreturn-type-Wreturn-type]8;;[m[K]
[1.665s]    27 |     [01;35m[K}[m[K
[1.665s]       |     [01;35m[K^[m[K
[1.916s] gmake[2]: *** [CMakeFiles/oop_cpp_executable.dir/build.make:76: CMakeFiles/oop_cpp_executable.dir/src/oop_cpp_node.cpp.o] Error 1
[1.916s] gmake[1]: *** [CMakeFiles/Makefile2:168: CMakeFiles/oop_cpp_executable.dir/all] Error 2
[1.916s] gmake: *** [Makefile:146: all] Error 2
[1.918s] Invoked command in '/home/zekaicheong/asclinic-system/ros2_ws/build/ai4r_pkg' returned '2': CMAKE_PREFIX_PATH=${CMAKE_PREFIX_PATH}:/opt/ros/humble /usr/bin/cmake --build /home/zekaicheong/asclinic-system/ros2_ws/build/ai4r_pkg -- -j16 -l16
