[35m[1mConsolidate compiler generated dependencies of target looping[0m
[ 42%] Built target listener
[ 42%] Built target minimal_cpp_executable
[ 42%] Built target oop_cpp_executable
[ 50%] [32mBuilding CXX object CMakeFiles/talker.dir/src/oop_pub_cpp_node.cpp.o[0m
[ 57%] Built target ament_cmake_python_copy_ai4r_pkg
[ 78%] Built target servo_pulse_width_sub
[ 78%] Built target multiple_pub_sub
[ 92%] Built target looping
running egg_info
writing ai4r_pkg.egg-info/PKG-INFO
writing dependency_links to ai4r_pkg.egg-info/dependency_links.txt
writing top-level names to ai4r_pkg.egg-info/top_level.txt
reading manifest file 'ai4r_pkg.egg-info/SOURCES.txt'
writing manifest file 'ai4r_pkg.egg-info/SOURCES.txt'
[ 92%] Built target ament_cmake_python_build_ai4r_pkg_egg
[01m[K/home/zekaicheong/asclinic-system/ros2_ws/src/ai4r_pkg/src/oop_pub_cpp_node.cpp:[m[K In constructor â€˜[01m[KMinimalPublisher::MinimalPublisher()[m[Kâ€™:
[01m[K/home/zekaicheong/asclinic-system/ros2_ws/src/ai4r_pkg/src/oop_pub_cpp_node.cpp:22:7:[m[K [01;31m[Kerror: [m[Kunable to find numeric literal operator â€˜[01m[Koperator""ms[m[Kâ€™
   22 |       [01;31m[K100ms[m[K, std::bind(&MinimalPublisher::timer_callback, this));
      |       [01;31m[K^~~~~[m[K
gmake[2]: *** [CMakeFiles/talker.dir/build.make:76: CMakeFiles/talker.dir/src/oop_pub_cpp_node.cpp.o] Error 1
gmake[1]: *** [CMakeFiles/Makefile2:204: CMakeFiles/talker.dir/all] Error 2
gmake: *** [Makefile:146: all] Error 2
