[0.010s] Invoking command in '/home/zekaicheong/asclinic-system/ros2_ws/build/ai4r_pkg': CMAKE_PREFIX_PATH=/home/zekaicheong/asclinic-system/ros2_ws/install/ai4r_interfaces:/home/zekaicheong/asclinic-system/ros2_ws/install/ai4r_pkg:/opt/ros/humble CONDA_PROMPT_MODIFIER=(base) /usr/bin/cmake --build /home/zekaicheong/asclinic-system/ros2_ws/build/ai4r_pkg -- -j16 -l16
[0.040s] [35m[1mConsolidate compiler generated dependencies of target pwm_driver[0m
[0.044s] [35m[1mConsolidate compiler generated dependencies of target listener[0m
[0.045s] [35m[1mConsolidate compiler generated dependencies of target multiple_pub_sub[0m
[0.050s] [ 14%] Built target servo_pulse_width_sub
[0.050s] [ 28%] Built target oop_cpp_executable
[0.052s] [ 35%] [32mBuilding CXX object CMakeFiles/pwm_driver.dir/src/pwm_driver_node.cpp.o[0m
[0.054s] [ 50%] Built target minimal_cpp_executable
[0.054s] [ 64%] Built target talker
[0.055s] [ 64%] Built target ament_cmake_python_copy_ai4r_pkg
[0.057s] [ 78%] Built target listener
[0.060s] [ 92%] Built target multiple_pub_sub
[0.168s] [01m[K/home/zekaicheong/asclinic-system/ros2_ws/src/ai4r_pkg/src/pwm_driver_node.cpp:10:10:[m[K [01;31m[Kfatal error: [m[Ktopic_names.hpp: No such file or directory
[0.168s]    10 | #include [01;31m[K"topic_names.hpp"[m[K
[0.168s]       |          [01;31m[K^~~~~~~~~~~~~~~~~[m[K
[0.168s] compilation terminated.
[0.171s] gmake[2]: *** [CMakeFiles/pwm_driver.dir/build.make:76: CMakeFiles/pwm_driver.dir/src/pwm_driver_node.cpp.o] Error 1
[0.172s] gmake[1]: *** [CMakeFiles/Makefile2:308: CMakeFiles/pwm_driver.dir/all] Error 2
[0.172s] gmake[1]: *** Waiting for unfinished jobs....
[0.202s] running egg_info
[0.202s] writing ai4r_pkg.egg-info/PKG-INFO
[0.202s] writing dependency_links to ai4r_pkg.egg-info/dependency_links.txt
[0.202s] writing top-level names to ai4r_pkg.egg-info/top_level.txt
[0.203s] reading manifest file 'ai4r_pkg.egg-info/SOURCES.txt'
[0.203s] writing manifest file 'ai4r_pkg.egg-info/SOURCES.txt'
[0.218s] [ 92%] Built target ament_cmake_python_build_ai4r_pkg_egg
[0.218s] gmake: *** [Makefile:146: all] Error 2
[0.221s] Invoked command in '/home/zekaicheong/asclinic-system/ros2_ws/build/ai4r_pkg' returned '2': CMAKE_PREFIX_PATH=/home/zekaicheong/asclinic-system/ros2_ws/install/ai4r_interfaces:/home/zekaicheong/asclinic-system/ros2_ws/install/ai4r_pkg:/opt/ros/humble CONDA_PROMPT_MODIFIER=(base) /usr/bin/cmake --build /home/zekaicheong/asclinic-system/ros2_ws/build/ai4r_pkg -- -j16 -l16
