[ 75%] Built target servo_pulse_width_sub
[ 75%] Built target oop_cpp_executable
[ 75%] Built target minimal_cpp_executable
[ 75%] Built target talker
[ 75%] [32mBuilding CXX object CMakeFiles/multiple_pub_sub.dir/src/multiple_pub_sub_cpp_node.cpp.o[0m
[ 91%] Built target listener
[ 91%] Built target ament_cmake_python_copy_ai4r_pkg
running egg_info
writing ai4r_pkg.egg-info/PKG-INFO
writing dependency_links to ai4r_pkg.egg-info/dependency_links.txt
writing top-level names to ai4r_pkg.egg-info/top_level.txt
reading manifest file 'ai4r_pkg.egg-info/SOURCES.txt'
writing manifest file 'ai4r_pkg.egg-info/SOURCES.txt'
[ 91%] Built target ament_cmake_python_build_ai4r_pkg_egg
[01m[K/home/zekaicheong/asclinic-system/ros2_ws/src/ai4r_pkg/src/multiple_pub_sub_cpp_node.cpp:[m[K In member function â€˜[01m[Kvoid MultipleSubPubNode::topic1Callback(const ServoPulseWidth&)[m[Kâ€™:
[01m[K/home/zekaicheong/asclinic-system/ros2_ws/src/ai4r_pkg/src/multiple_pub_sub_cpp_node.cpp:33:71:[m[K [01;35m[Kwarning: [m[Kunused parameter â€˜[01m[Kmsg[m[Kâ€™ [[01;35m[K]8;;https://gcc.gnu.org/onlinedocs/gcc/Warning-Options.html#index-Wunused-parameter-Wunused-parameter]8;;[m[K]
   33 |     void topic1Callback([01;35m[Kconst ai4r_interfaces::msg::ServoPulseWidth & msg[m[K) {
      |                         [01;35m[K~~~~~~~~~~~~~~~~~~~~~~~~~~~~~~~~~~~~~~~~~~~~~~^~~[m[K
[01m[K/home/zekaicheong/asclinic-system/ros2_ws/src/ai4r_pkg/src/multiple_pub_sub_cpp_node.cpp:[m[K In member function â€˜[01m[Kvoid MultipleSubPubNode::topic2Callback(const UInt16&)[m[Kâ€™:
[01m[K/home/zekaicheong/asclinic-system/ros2_ws/src/ai4r_pkg/src/multiple_pub_sub_cpp_node.cpp:45:31:[m[K [01;31m[Kerror: [m[Kdeclaration of â€˜[01m[Kstd_msgs::msg::UInt16 msg[m[Kâ€™ shadows a parameter
   45 |         std_msgs::msg::UInt16 [01;31m[Kmsg[m[K;
      |                               [01;31m[K^~~[m[K
[01m[K/home/zekaicheong/asclinic-system/ros2_ws/src/ai4r_pkg/src/multiple_pub_sub_cpp_node.cpp:42:55:[m[K [01;36m[Knote: [m[Kâ€˜[01m[Kconst UInt16& msg[m[Kâ€™ previously declared here
   42 |     void topic2Callback([01;36m[Kconst std_msgs::msg::UInt16 & msg[m[K) {
      |                         [01;36m[K~~~~~~~~~~~~~~~~~~~~~~~~~~~~~~^~~[m[K
[01m[K/home/zekaicheong/asclinic-system/ros2_ws/src/ai4r_pkg/src/multiple_pub_sub_cpp_node.cpp:42:55:[m[K [01;35m[Kwarning: [m[Kunused parameter â€˜[01m[Kmsg[m[Kâ€™ [[01;35m[K]8;;https://gcc.gnu.org/onlinedocs/gcc/Warning-Options.html#index-Wunused-parameter-Wunused-parameter]8;;[m[K]
gmake[2]: *** [CMakeFiles/multiple_pub_sub.dir/build.make:76: CMakeFiles/multiple_pub_sub.dir/src/multiple_pub_sub_cpp_node.cpp.o] Error 1
gmake[1]: *** [CMakeFiles/Makefile2:280: CMakeFiles/multiple_pub_sub.dir/all] Error 2
gmake: *** [Makefile:146: all] Error 2
