[0.010s] Invoking command in '/home/zekaicheong/asclinic-system/ros2_ws/build/ai4r_pkg': CMAKE_PREFIX_PATH=${CMAKE_PREFIX_PATH}:/opt/ros/humble /usr/bin/cmake --build /home/zekaicheong/asclinic-system/ros2_ws/build/ai4r_pkg -- -j16 -l16
[0.053s] [ 75%] Built target servo_pulse_width_sub
[0.053s] [ 75%] Built target oop_cpp_executable
[0.053s] [ 75%] Built target minimal_cpp_executable
[0.053s] [ 75%] Built target talker
[0.053s] [ 75%] [32mBuilding CXX object CMakeFiles/multiple_pub_sub.dir/src/multiple_pub_sub_cpp_node.cpp.o[0m
[0.058s] [ 91%] Built target listener
[0.058s] [ 91%] Built target ament_cmake_python_copy_ai4r_pkg
[0.188s] running egg_info
[0.188s] writing ai4r_pkg.egg-info/PKG-INFO
[0.188s] writing dependency_links to ai4r_pkg.egg-info/dependency_links.txt
[0.188s] writing top-level names to ai4r_pkg.egg-info/top_level.txt
[0.189s] reading manifest file 'ai4r_pkg.egg-info/SOURCES.txt'
[0.190s] writing manifest file 'ai4r_pkg.egg-info/SOURCES.txt'
[0.210s] [ 91%] Built target ament_cmake_python_build_ai4r_pkg_egg
[1.420s] [01m[K/home/zekaicheong/asclinic-system/ros2_ws/src/ai4r_pkg/src/multiple_pub_sub_cpp_node.cpp:[m[K In member function â€˜[01m[Kvoid MultipleSubPubNode::topic1Callback(const ServoPulseWidth&)[m[Kâ€™:
[1.420s] [01m[K/home/zekaicheong/asclinic-system/ros2_ws/src/ai4r_pkg/src/multiple_pub_sub_cpp_node.cpp:33:71:[m[K [01;35m[Kwarning: [m[Kunused parameter â€˜[01m[Kmsg[m[Kâ€™ [[01;35m[K]8;;https://gcc.gnu.org/onlinedocs/gcc/Warning-Options.html#index-Wunused-parameter-Wunused-parameter]8;;[m[K]
[1.420s]    33 |     void topic1Callback([01;35m[Kconst ai4r_interfaces::msg::ServoPulseWidth & msg[m[K) {
[1.420s]       |                         [01;35m[K~~~~~~~~~~~~~~~~~~~~~~~~~~~~~~~~~~~~~~~~~~~~~~^~~[m[K
[1.421s] [01m[K/home/zekaicheong/asclinic-system/ros2_ws/src/ai4r_pkg/src/multiple_pub_sub_cpp_node.cpp:[m[K In member function â€˜[01m[Kvoid MultipleSubPubNode::topic2Callback(const UInt16&)[m[Kâ€™:
[1.421s] [01m[K/home/zekaicheong/asclinic-system/ros2_ws/src/ai4r_pkg/src/multiple_pub_sub_cpp_node.cpp:45:31:[m[K [01;31m[Kerror: [m[Kdeclaration of â€˜[01m[Kstd_msgs::msg::UInt16 msg[m[Kâ€™ shadows a parameter
[1.421s]    45 |         std_msgs::msg::UInt16 [01;31m[Kmsg[m[K;
[1.421s]       |                               [01;31m[K^~~[m[K
[1.421s] [01m[K/home/zekaicheong/asclinic-system/ros2_ws/src/ai4r_pkg/src/multiple_pub_sub_cpp_node.cpp:42:55:[m[K [01;36m[Knote: [m[Kâ€˜[01m[Kconst UInt16& msg[m[Kâ€™ previously declared here
[1.421s]    42 |     void topic2Callback([01;36m[Kconst std_msgs::msg::UInt16 & msg[m[K) {
[1.421s]       |                         [01;36m[K~~~~~~~~~~~~~~~~~~~~~~~~~~~~~~^~~[m[K
[1.421s] [01m[K/home/zekaicheong/asclinic-system/ros2_ws/src/ai4r_pkg/src/multiple_pub_sub_cpp_node.cpp:42:55:[m[K [01;35m[Kwarning: [m[Kunused parameter â€˜[01m[Kmsg[m[Kâ€™ [[01;35m[K]8;;https://gcc.gnu.org/onlinedocs/gcc/Warning-Options.html#index-Wunused-parameter-Wunused-parameter]8;;[m[K]
[3.333s] gmake[2]: *** [CMakeFiles/multiple_pub_sub.dir/build.make:76: CMakeFiles/multiple_pub_sub.dir/src/multiple_pub_sub_cpp_node.cpp.o] Error 1
[3.333s] gmake[1]: *** [CMakeFiles/Makefile2:280: CMakeFiles/multiple_pub_sub.dir/all] Error 2
[3.333s] gmake: *** [Makefile:146: all] Error 2
[3.335s] Invoked command in '/home/zekaicheong/asclinic-system/ros2_ws/build/ai4r_pkg' returned '2': CMAKE_PREFIX_PATH=${CMAKE_PREFIX_PATH}:/opt/ros/humble /usr/bin/cmake --build /home/zekaicheong/asclinic-system/ros2_ws/build/ai4r_pkg -- -j16 -l16
