[35m[1mConsolidate compiler generated dependencies of target looping[0m
[ 42%] Built target multiple_pub_sub
[ 42%] Built target listener
[ 42%] Built target oop_cpp_executable
[ 57%] Built target servo_pulse_width_sub
[ 71%] Built target minimal_cpp_executable
[ 85%] Built target talker
[ 85%] Built target ament_cmake_python_copy_ai4r_pkg
[ 92%] [32mBuilding CXX object CMakeFiles/looping.dir/src/looping_cpp_node.cpp.o[0m
running egg_info
writing ai4r_pkg.egg-info/PKG-INFO
writing dependency_links to ai4r_pkg.egg-info/dependency_links.txt
writing top-level names to ai4r_pkg.egg-info/top_level.txt
reading manifest file 'ai4r_pkg.egg-info/SOURCES.txt'
writing manifest file 'ai4r_pkg.egg-info/SOURCES.txt'
[ 92%] Built target ament_cmake_python_build_ai4r_pkg_egg
[01m[K/home/zekaicheong/asclinic-system/ros2_ws/src/ai4r_pkg/src/looping_cpp_node.cpp:[m[K In member function â€˜[01m[Kvoid Ros2PublisherNode::run()[m[Kâ€™:
[01m[K/home/zekaicheong/asclinic-system/ros2_ws/src/ai4r_pkg/src/looping_cpp_node.cpp:17:24:[m[K [01;31m[Kerror: [m[Kexpected primary-expression before â€˜[01m[K<[m[Kâ€™ token
   17 |             auto msg = [01;31m[K<[m[Kstd_msgs::msg::String>();
      |                        [01;31m[K^[m[K
[01m[K/home/zekaicheong/asclinic-system/ros2_ws/src/ai4r_pkg/src/looping_cpp_node.cpp:17:46:[m[K [01;31m[Kerror: [m[Kexpected primary-expression before â€˜[01m[K>[m[Kâ€™ token
   17 |             auto msg = <std_msgs::msg::String[01;31m[K>[m[K();
      |                                              [01;31m[K^[m[K
[01m[K/home/zekaicheong/asclinic-system/ros2_ws/src/ai4r_pkg/src/looping_cpp_node.cpp:17:48:[m[K [01;31m[Kerror: [m[Kexpected primary-expression before â€˜[01m[K)[m[Kâ€™ token
   17 |             auto msg = <std_msgs::msg::String>([01;31m[K)[m[K;
      |                                                [01;31m[K^[m[K
[01m[K/home/zekaicheong/asclinic-system/ros2_ws/src/ai4r_pkg/src/looping_cpp_node.cpp:20:30:[m[K [01;31m[Kerror: [m[Kno matching function for call to â€˜[01m[Kspin_some(Ros2PublisherNode*)[m[Kâ€™
   20 |             [01;31m[Krclcpp::spin_some(this)[m[K;
      |             [01;31m[K~~~~~~~~~~~~~~~~~^~~~~~[m[K
In file included from [01m[K/opt/ros/humble/include/rclcpp/rclcpp/rclcpp.hpp:155[m[K,
                 from [01m[K/home/zekaicheong/asclinic-system/ros2_ws/src/ai4r_pkg/src/looping_cpp_node.cpp:4[m[K:
[01m[K/opt/ros/humble/include/rclcpp/rclcpp/executors.hpp:35:1:[m[K [01;36m[Knote: [m[Kcandidate: â€˜[01m[Kvoid rclcpp::spin_some(rclcpp::node_interfaces::NodeBaseInterface::SharedPtr)[m[Kâ€™
   35 | [01;36m[Kspin_some[m[K(rclcpp::node_interfaces::NodeBaseInterface::SharedPtr node_ptr);
      | [01;36m[K^~~~~~~~~[m[K
[01m[K/opt/ros/humble/include/rclcpp/rclcpp/executors.hpp:35:65:[m[K [01;36m[Knote: [m[K  no known conversion for argument 1 from â€˜[01m[KRos2PublisherNode*[m[Kâ€™ to â€˜[01m[Krclcpp::node_interfaces::NodeBaseInterface::SharedPtr[m[Kâ€™ {aka â€˜[01m[Kstd::shared_ptr<rclcpp::node_interfaces::NodeBaseInterface>[m[Kâ€™}
   35 | spin_some([01;36m[Krclcpp::node_interfaces::NodeBaseInterface::SharedPtr node_ptr[m[K);
      |           [01;36m[K~~~~~~~~~~~~~~~~~~~~~~~~~~~~~~~~~~~~~~~~~~~~~~~~~~~~~~^~~~~~~~[m[K
[01m[K/opt/ros/humble/include/rclcpp/rclcpp/executors.hpp:39:1:[m[K [01;36m[Knote: [m[Kcandidate: â€˜[01m[Kvoid rclcpp::spin_some(rclcpp::Node::SharedPtr)[m[Kâ€™
   39 | [01;36m[Kspin_some[m[K(rclcpp::Node::SharedPtr node_ptr);
      | [01;36m[K^~~~~~~~~[m[K
[01m[K/opt/ros/humble/include/rclcpp/rclcpp/executors.hpp:39:35:[m[K [01;36m[Knote: [m[K  no known conversion for argument 1 from â€˜[01m[KRos2PublisherNode*[m[Kâ€™ to â€˜[01m[Krclcpp::Node::SharedPtr[m[Kâ€™ {aka â€˜[01m[Kstd::shared_ptr<rclcpp::Node>[m[Kâ€™}
   39 | spin_some([01;36m[Krclcpp::Node::SharedPtr node_ptr[m[K);
      |           [01;36m[K~~~~~~~~~~~~~~~~~~~~~~~~^~~~~~~~[m[K
gmake[2]: *** [CMakeFiles/looping.dir/build.make:76: CMakeFiles/looping.dir/src/looping_cpp_node.cpp.o] Error 1
gmake[1]: *** [CMakeFiles/Makefile2:308: CMakeFiles/looping.dir/all] Error 2
gmake: *** [Makefile:146: all] Error 2
