[0.009s] Invoking command in '/home/zekaicheong/asclinic-system/ros2_ws/build/ai4r_pkg': CMAKE_PREFIX_PATH=/home/zekaicheong/asclinic-system/ros2_ws/install/ai4r_interfaces:/home/zekaicheong/asclinic-system/ros2_ws/install/ai4r_pkg:/opt/ros/humble CONDA_PROMPT_MODIFIER=(base) /usr/bin/cmake --build /home/zekaicheong/asclinic-system/ros2_ws/build/ai4r_pkg -- -j16 -l16
[0.022s] -- Found ament_cmake: 1.3.5 (/opt/ros/humble/share/ament_cmake/cmake)
[0.101s] -- Found rclcpp: 16.0.5 (/opt/ros/humble/share/rclcpp/cmake)
[0.117s] -- Found rosidl_generator_c: 3.1.5 (/opt/ros/humble/share/rosidl_generator_c/cmake)
[0.118s] -- Found rosidl_adapter: 3.1.5 (/opt/ros/humble/share/rosidl_adapter/cmake)
[0.121s] -- Found rosidl_generator_cpp: 3.1.5 (/opt/ros/humble/share/rosidl_generator_cpp/cmake)
[0.127s] -- Using all available rosidl_typesupport_c: rosidl_typesupport_fastrtps_c;rosidl_typesupport_introspection_c
[0.135s] -- Using all available rosidl_typesupport_cpp: rosidl_typesupport_fastrtps_cpp;rosidl_typesupport_introspection_cpp
[0.169s] -- Found rmw_implementation_cmake: 6.1.1 (/opt/ros/humble/share/rmw_implementation_cmake/cmake)
[0.169s] -- Found rmw_fastrtps_cpp: 6.2.3 (/opt/ros/humble/share/rmw_fastrtps_cpp/cmake)
[0.233s] -- Using RMW implementation 'rmw_fastrtps_cpp' as default
[0.317s] -- Found rclpy: 3.3.9 (/opt/ros/humble/share/rclpy/cmake)
[0.317s] -- Found ai4r_interfaces: 0.0.0 (/home/zekaicheong/asclinic-system/ros2_ws/install/ai4r_interfaces/share/ai4r_interfaces/cmake)
[0.363s] -- Found ament_lint_auto: 0.12.7 (/opt/ros/humble/share/ament_lint_auto/cmake)
[0.401s] -- Added test 'cppcheck' to perform static code analysis on C / C++ code
[0.401s] -- Configured cppcheck include dirs: /home/zekaicheong/asclinic-system/ros2_ws/src/ai4r_pkg/include;/home/zekaicheong/asclinic-system/ros2_ws/src/ai4r_pkg/ai4r_pkg/drivers/src
[0.401s] -- Configured cppcheck exclude dirs and/or files: 
[0.401s] -- Added test 'flake8' to check Python code syntax and style conventions
[0.402s] -- Added test 'lint_cmake' to check CMake code style
[0.402s] -- Added test 'pep257' to check Python code against some of the docstring style conventions in PEP 257
[0.403s] -- Added test 'uncrustify' to check C / C++ code style
[0.403s] -- Configured uncrustify additional arguments: 
[0.404s] -- Added test 'xmllint' to check XML markup files
[0.404s] -- Configuring done
[0.419s] -- Generating done
[0.420s] -- Build files have been written to: /home/zekaicheong/asclinic-system/ros2_ws/build/ai4r_pkg
[0.436s] [35m[1mConsolidate compiler generated dependencies of target talker[0m
[0.436s] [35m[1mConsolidate compiler generated dependencies of target oop_cpp_executable[0m
[0.436s] [35m[1mConsolidate compiler generated dependencies of target minimal_cpp_executable[0m
[0.436s] [35m[1mConsolidate compiler generated dependencies of target listener[0m
[0.439s] [35m[1mConsolidate compiler generated dependencies of target servo_pulse_width_sub[0m
[0.439s] [35m[1mConsolidate compiler generated dependencies of target looping[0m
[0.440s] [35m[1mConsolidate compiler generated dependencies of target multiple_pub_sub[0m
[0.440s] [35m[1mConsolidate compiler generated dependencies of target pwm_driver[0m
[0.448s] [ 25%] [32mBuilding CXX object CMakeFiles/listener.dir/src/oop_sub_cpp_node.cpp.o[0m
[0.448s] [ 25%] [32mBuilding CXX object CMakeFiles/talker.dir/src/oop_pub_cpp_node.cpp.o[0m
[0.448s] [ 25%] [32mBuilding CXX object CMakeFiles/minimal_cpp_executable.dir/src/minimal_cpp_node.cpp.o[0m
[0.448s] [ 25%] [32mBuilding CXX object CMakeFiles/oop_cpp_executable.dir/src/oop_cpp_node.cpp.o[0m
[0.456s] [ 50%] [32mBuilding CXX object CMakeFiles/looping.dir/src/looping_cpp_node.cpp.o[0m
[0.456s] [ 50%] [32mBuilding CXX object CMakeFiles/multiple_pub_sub.dir/src/multiple_pub_sub_cpp_node.cpp.o[0m
[0.456s] [ 50%] Built target ament_cmake_python_copy_ai4r_pkg
[0.456s] [ 50%] [32mBuilding CXX object CMakeFiles/servo_pulse_width_sub.dir/src/servo_pulse_width_sub_cpp_node.cpp.o[0m
[0.456s] [ 50%] [32mBuilding CXX object CMakeFiles/pwm_driver.dir/src/pwm_driver_node.cpp.o[0m
[0.606s] In file included from [01m[K/home/zekaicheong/asclinic-system/ros2_ws/src/ai4r_pkg/src/pwm_driver_node.cpp:1[m[K:
[0.606s] [01m[K/home/zekaicheong/asclinic-system/ros2_ws/src/ai4r_pkg/include/ai4r_pkg/pwm_driver_node.hpp:16:10:[m[K [01;31m[Kfatal error: [m[Ki2c_driver/i2c_driver.h: No such file or directory
[0.606s]    16 | #include [01;31m[K"i2c_driver/i2c_driver.h"[m[K
[0.606s]       |          [01;31m[K^~~~~~~~~~~~~~~~~~~~~~~~~[m[K
[0.606s] compilation terminated.
[0.610s] gmake[2]: *** [CMakeFiles/pwm_driver.dir/build.make:76: CMakeFiles/pwm_driver.dir/src/pwm_driver_node.cpp.o] Error 1
[0.610s] gmake[1]: *** [CMakeFiles/Makefile2:336: CMakeFiles/pwm_driver.dir/all] Error 2
[0.610s] gmake[1]: *** Waiting for unfinished jobs....
[0.610s] [01m[K/home/zekaicheong/asclinic-system/ros2_ws/src/ai4r_pkg/src/minimal_cpp_node.cpp:8:10:[m[K [01;31m[Kfatal error: [m[Ki2c_driver/i2c_driver.h: No such file or directory
[0.611s]     8 | #include [01;31m[K"i2c_driver/i2c_driver.h"[m[K
[0.611s]       |          [01;31m[K^~~~~~~~~~~~~~~~~~~~~~~~~[m[K
[0.611s] compilation terminated.
[0.615s] gmake[2]: *** [CMakeFiles/minimal_cpp_executable.dir/build.make:76: CMakeFiles/minimal_cpp_executable.dir/src/minimal_cpp_node.cpp.o] Error 1
[0.616s] gmake[1]: *** [CMakeFiles/Makefile2:154: CMakeFiles/minimal_cpp_executable.dir/all] Error 2
[0.647s] [01m[K/home/zekaicheong/asclinic-system/ros2_ws/src/ai4r_pkg/src/oop_cpp_node.cpp:7:10:[m[K [01;31m[Kfatal error: [m[Ki2c_driver/i2c_driver.h: No such file or directory
[0.647s]     7 | #include [01;31m[K"i2c_driver/i2c_driver.h"[m[K
[0.647s]       |          [01;31m[K^~~~~~~~~~~~~~~~~~~~~~~~~[m[K
[0.647s] compilation terminated.
[0.652s] gmake[2]: *** [CMakeFiles/oop_cpp_executable.dir/build.make:76: CMakeFiles/oop_cpp_executable.dir/src/oop_cpp_node.cpp.o] Error 1
[0.652s] gmake[1]: *** [CMakeFiles/Makefile2:180: CMakeFiles/oop_cpp_executable.dir/all] Error 2
[0.755s] running egg_info
[0.756s] writing ai4r_pkg.egg-info/PKG-INFO
[0.756s] writing dependency_links to ai4r_pkg.egg-info/dependency_links.txt
[0.756s] writing top-level names to ai4r_pkg.egg-info/top_level.txt
[0.758s] reading manifest file 'ai4r_pkg.egg-info/SOURCES.txt'
[0.759s] writing manifest file 'ai4r_pkg.egg-info/SOURCES.txt'
[0.787s] [ 50%] Built target ament_cmake_python_build_ai4r_pkg_egg
[3.798s] [ 56%] [32m[1mLinking CXX executable talker[0m
[3.968s] [ 56%] Built target talker
[4.003s] [ 62%] [32m[1mLinking CXX executable looping[0m
[4.133s] [ 62%] Built target looping
[6.587s] [ 68%] [32m[1mLinking CXX executable servo_pulse_width_sub[0m
[6.610s] [ 75%] [32m[1mLinking CXX executable listener[0m
[6.839s] [ 75%] Built target servo_pulse_width_sub
[6.852s] [ 75%] Built target listener
[8.413s] [ 81%] [32m[1mLinking CXX executable multiple_pub_sub[0m
[8.720s] [ 81%] Built target multiple_pub_sub
[8.721s] gmake: *** [Makefile:146: all] Error 2
[8.723s] Invoked command in '/home/zekaicheong/asclinic-system/ros2_ws/build/ai4r_pkg' returned '2': CMAKE_PREFIX_PATH=/home/zekaicheong/asclinic-system/ros2_ws/install/ai4r_interfaces:/home/zekaicheong/asclinic-system/ros2_ws/install/ai4r_pkg:/opt/ros/humble CONDA_PROMPT_MODIFIER=(base) /usr/bin/cmake --build /home/zekaicheong/asclinic-system/ros2_ws/build/ai4r_pkg -- -j16 -l16
