[0.010s] Invoking command in '/home/zekaicheong/asclinic-system/ros2_ws/build/ai4r_pkg': CMAKE_PREFIX_PATH=/home/zekaicheong/asclinic-system/ros2_ws/install/ai4r_interfaces:/home/zekaicheong/asclinic-system/ros2_ws/install/ai4r_pkg:/opt/ros/humble CONDA_PROMPT_MODIFIER=(base) /usr/bin/cmake --build /home/zekaicheong/asclinic-system/ros2_ws/build/ai4r_pkg -- -j16 -l16
[0.025s] -- Found ament_cmake: 1.3.5 (/opt/ros/humble/share/ament_cmake/cmake)
[0.109s] -- Found rclcpp: 16.0.5 (/opt/ros/humble/share/rclcpp/cmake)
[0.133s] -- Found rosidl_generator_c: 3.1.5 (/opt/ros/humble/share/rosidl_generator_c/cmake)
[0.134s] -- Found rosidl_adapter: 3.1.5 (/opt/ros/humble/share/rosidl_adapter/cmake)
[0.139s] -- Found rosidl_generator_cpp: 3.1.5 (/opt/ros/humble/share/rosidl_generator_cpp/cmake)
[0.146s] -- Using all available rosidl_typesupport_c: rosidl_typesupport_fastrtps_c;rosidl_typesupport_introspection_c
[0.156s] -- Using all available rosidl_typesupport_cpp: rosidl_typesupport_fastrtps_cpp;rosidl_typesupport_introspection_cpp
[0.197s] -- Found rmw_implementation_cmake: 6.1.1 (/opt/ros/humble/share/rmw_implementation_cmake/cmake)
[0.197s] -- Found rmw_fastrtps_cpp: 6.2.3 (/opt/ros/humble/share/rmw_fastrtps_cpp/cmake)
[0.268s] -- Using RMW implementation 'rmw_fastrtps_cpp' as default
[0.357s] -- Found rclpy: 3.3.9 (/opt/ros/humble/share/rclpy/cmake)
[0.357s] -- Found ai4r_interfaces: 0.0.0 (/home/zekaicheong/asclinic-system/ros2_ws/install/ai4r_interfaces/share/ai4r_interfaces/cmake)
[0.405s] -- Found ament_lint_auto: 0.12.7 (/opt/ros/humble/share/ament_lint_auto/cmake)
[0.445s] -- Added test 'cppcheck' to perform static code analysis on C / C++ code
[0.446s] -- Configured cppcheck include dirs: /home/zekaicheong/asclinic-system/ros2_ws/src/ai4r_pkg/include;/home/zekaicheong/asclinic-system/ros2_ws/src/ai4r_pkg/drivers/src
[0.446s] -- Configured cppcheck exclude dirs and/or files: 
[0.446s] -- Added test 'flake8' to check Python code syntax and style conventions
[0.446s] -- Added test 'lint_cmake' to check CMake code style
[0.446s] -- Added test 'pep257' to check Python code against some of the docstring style conventions in PEP 257
[0.448s] -- Added test 'uncrustify' to check C / C++ code style
[0.448s] -- Configured uncrustify additional arguments: 
[0.448s] -- Added test 'xmllint' to check XML markup files
[0.448s] -- Configuring done
[0.464s] -- Generating done
[0.465s] -- Build files have been written to: /home/zekaicheong/asclinic-system/ros2_ws/build/ai4r_pkg
[0.483s] [35m[1mConsolidate compiler generated dependencies of target listener[0m
[0.483s] [35m[1mConsolidate compiler generated dependencies of target talker[0m
[0.483s] [35m[1mConsolidate compiler generated dependencies of target minimal_cpp_executable[0m
[0.484s] [35m[1mConsolidate compiler generated dependencies of target multiple_pub_sub[0m
[0.484s] [35m[1mConsolidate compiler generated dependencies of target oop_cpp_executable[0m
[0.484s] [35m[1mConsolidate compiler generated dependencies of target looping[0m
[0.485s] [35m[1mConsolidate compiler generated dependencies of target servo_pulse_width_sub[0m
[0.488s] [35m[1mConsolidate compiler generated dependencies of target pwm_driver[0m
[0.495s] [ 18%] Built target multiple_pub_sub
[0.495s] [ 25%] Built target talker
[0.495s] [ 37%] Built target minimal_cpp_executable
[0.496s] [ 50%] Built target listener
[0.496s] [ 56%] [32mBuilding CXX object CMakeFiles/pwm_driver.dir/src/pwm_driver_node.cpp.o[0m
[0.497s] [ 56%] Built target ament_cmake_python_copy_ai4r_pkg
[0.499s] [ 68%] Built target servo_pulse_width_sub
[0.499s] [ 93%] Built target oop_cpp_executable
[0.499s] [ 93%] Built target looping
[0.501s] [01m[K/home/zekaicheong/asclinic-system/ros2_ws/src/ai4r_pkg/src/pwm_driver_node.cpp:1:10:[m[K [01;31m[Kfatal error: [m[Kpwm_driver_node.hpp: No such file or directory
[0.501s]     1 | #include [01;31m[K"pwm_driver_node.hpp"[m[K
[0.501s]       |          [01;31m[K^~~~~~~~~~~~~~~~~~~~~[m[K
[0.501s] compilation terminated.
[0.502s] gmake[2]: *** [CMakeFiles/pwm_driver.dir/build.make:76: CMakeFiles/pwm_driver.dir/src/pwm_driver_node.cpp.o] Error 1
[0.502s] gmake[1]: *** [CMakeFiles/Makefile2:336: CMakeFiles/pwm_driver.dir/all] Error 2
[0.502s] gmake[1]: *** Waiting for unfinished jobs....
[0.638s] running egg_info
[0.639s] writing ai4r_pkg.egg-info/PKG-INFO
[0.640s] writing dependency_links to ai4r_pkg.egg-info/dependency_links.txt
[0.640s] writing top-level names to ai4r_pkg.egg-info/top_level.txt
[0.643s] reading manifest file 'ai4r_pkg.egg-info/SOURCES.txt'
[0.644s] writing manifest file 'ai4r_pkg.egg-info/SOURCES.txt'
[0.681s] [ 93%] Built target ament_cmake_python_build_ai4r_pkg_egg
[0.682s] gmake: *** [Makefile:146: all] Error 2
[0.684s] Invoked command in '/home/zekaicheong/asclinic-system/ros2_ws/build/ai4r_pkg' returned '2': CMAKE_PREFIX_PATH=/home/zekaicheong/asclinic-system/ros2_ws/install/ai4r_interfaces:/home/zekaicheong/asclinic-system/ros2_ws/install/ai4r_pkg:/opt/ros/humble CONDA_PROMPT_MODIFIER=(base) /usr/bin/cmake --build /home/zekaicheong/asclinic-system/ros2_ws/build/ai4r_pkg -- -j16 -l16
